2020-12-13 13:12:712 INFO  HomePage :20 - clicking on destination tab[[ChromeDriver: chrome on WINDOWS (3baca157e29ba8a0f5cbe00741e819c6)] -> xpath: //span[contains(text(),'Destinations')]]
2020-12-13 13:12:70 INFO  HomePage :20 - clicking on destination tab[[ChromeDriver: chrome on WINDOWS (e94c8481edb1f279c81b92491bd87f57)] -> xpath: //span[contains(text(),'Destinations')]]
2020-12-13 13:12:942 INFO  HomePage :20 - clicking on destination tabProxy element for: DefaultElementLocator 'By.xpath: //body/form[@id='form1']/div[@id='UpP1']/div[1]/div[1]/div[1]/div[1]/div[3]/ul[1]/li[3]/a[1]'
2020-12-13 13:12:249 INFO  HomePage :21 - clicking on destination tab[[ChromeDriver: chrome on WINDOWS (0eedcf8d17a4615ce5f0700adcfb7966)] -> xpath: //body/form[@id='Form1']/div[4]/div[1]/div[1]/div[1]/div[3]/ul[1]/li[3]/a[1]]
2020-12-13 13:12:995 INFO  HomePage :21 - clicking on destination tab[[ChromeDriver: chrome on WINDOWS (6a7df875894ae27593102b1521c2895f)] -> xpath: //body/form[@id='Form1']/div[4]/div[1]/div[1]/div[1]/div[3]/ul[1]/li[3]/a[1]]
2020-12-13 13:12:466 INFO  HomePage :22 - clicking on destination tab[[ChromeDriver: chrome on WINDOWS (b60ff900c2b31c710aa93353db6b4bcd)] -> xpath: //body/form[@id='Form1']/div[4]/div[1]/div[1]/div[1]/div[3]/ul[1]/li[3]/a[1]]
2020-12-13 13:12:918 INFO  HomePage :22 - clicking on destination tab[[ChromeDriver: chrome on WINDOWS (cd4e5010c6bb65d6800d9881538e02ad)] -> xpath: //body/form[@id='Form1']/div[4]/div[1]/div[1]/div[1]/div[3]/ul[1]/li[3]/a[1]]
2020-12-13 13:12:632 INFO  HomePage :22 - clicking on destination tab[[ChromeDriver: chrome on WINDOWS (a33a8f9272c0fa304acbed94bf6ab528)] -> xpath: //body/form[@id='Form1']/div[4]/div[1]/div[1]/div[1]/div[3]/ul[1]/li[3]/a[1]]
2020-12-13 13:12:271 INFO  HomePage :22 - clicking on destination tab[[ChromeDriver: chrome on WINDOWS (68c5c0d4d41b0e413ca512a6c2428a16)] -> xpath: //body/form[@id='Form1']/div[4]/div[1]/div[1]/div[1]/div[3]/ul[1]/li[3]/a[1]]
2020-12-13 13:12:617 INFO  HomePage :22 - clicking on destination tab[[ChromeDriver: chrome on WINDOWS (1e611ed74099ff059c5b0885a1d2bcc9)] -> xpath: //body/form[@id='Form1']/div[4]/div[1]/div[1]/div[1]/div[3]/ul[1]/li[3]/a[1]]
2020-12-13 13:12:936 INFO  HomePage :22 - clicking on destination tab[[ChromeDriver: chrome on WINDOWS (a9f4745ba26b907e92d16e3bb02acc77)] -> xpath: //body/form[@id='Form1']/div[4]/div[1]/div[1]/div[1]/div[3]/ul[1]/li[3]/a[1]]
2020-12-13 13:12:425 INFO  HomePage :20 - Clicking on Destination Tab[[ChromeDriver: chrome on WINDOWS (e6d10ff23d562ee30774f40232432d60)] -> xpath: //body/form[@id='Form1']/div[4]/div[1]/div[1]/div[1]/div[3]/ul[1]/li[3]/a[1]]
2020-12-13 13:12:368 INFO  HomePage :20 - Clicking on Destination Tab[[ChromeDriver: chrome on WINDOWS (92a829f352f9a79568893ffe426b2c30)] -> xpath: //body/form[@id='Form1']/div[4]/div[1]/div[1]/div[1]/div[3]/ul[1]/li[3]/a[1]]
2020-12-13 13:12:966 INFO  HomePage :20 - Clicking on Destination Tab[[ChromeDriver: chrome on WINDOWS (9b5e1a2fb170444a51d245aa27a70620)] -> xpath: //body/form[@id='Form1']/div[4]/div[1]/div[1]/div[1]/div[3]/ul[1]/li[3]/a[1]]
2020-12-13 13:12:878 INFO  HomePage :20 - Clicking on Destination Tab[[ChromeDriver: chrome on WINDOWS (7b1bd36b507d58b47bad7168e48181cb)] -> xpath: //body/form[@id='Form1']/div[4]/div[1]/div[1]/div[1]/div[3]/ul[1]/li[3]/a[1]]
2020-12-13 13:12:246 INFO  HomePage :20 - Clicking on Destination Tab[[ChromeDriver: chrome on WINDOWS (1dfdca682d18676775b29796c35376d0)] -> xpath: //body/form[@id='Form1']/div[4]/div[1]/div[1]/div[1]/div[3]/ul[1]/li[3]/a[1]]
2020-12-13 13:12:131 INFO  HomePage :21 - Clicking on Destination Tab[[ChromeDriver: chrome on WINDOWS (e9022038d6cc972bac3b71058dc072e0)] -> xpath: //body/form[@id='Form1']/div[4]/div[1]/div[1]/div[1]/div[3]/ul[1]/li[3]/a[1]]
2020-12-13 13:12:304 INFO  HomePage :27 - Clicking on Destination Tab[[ChromeDriver: chrome on WINDOWS (e9022038d6cc972bac3b71058dc072e0)] -> xpath: //body/form[@id='Form1']/div[4]/div[1]/div[1]/div[1]/div[3]/ul[1]/li[3]/a[1]]
2020-12-13 14:12:609 INFO  HomePage :21 - Clicking on Destination Tab[[ChromeDriver: chrome on WINDOWS (46cc5a74e5c0913b1474c49a94543df6)] -> xpath: //body/form[@id='Form1']/div[4]/div[1]/div[1]/div[1]/div[3]/ul[1]/li[3]/a[1]]
2020-12-13 14:12:824 INFO  HomePage :27 - Clicking on india Tab[[ChromeDriver: chrome on WINDOWS (46cc5a74e5c0913b1474c49a94543df6)] -> xpath: //body/form[@id='Form1']/div[4]/div[1]/div[1]/div[1]/div[5]/ul[3]/li[1]/a[1]]
2020-12-13 14:12:477 INFO  HomePage :21 - Clicking on Destination Tab[[ChromeDriver: chrome on WINDOWS (8dc993546b1a489fc3ecbd0d8eca471d)] -> xpath: //body/form[@id='Form1']/div[4]/div[1]/div[1]/div[1]/div[3]/ul[1]/li[3]/a[1]]
2020-12-13 14:12:593 INFO  HomePage :27 - Clicking on india Tab[[ChromeDriver: chrome on WINDOWS (8dc993546b1a489fc3ecbd0d8eca471d)] -> xpath: //body/form[@id='Form1']/div[4]/div[1]/div[1]/div[1]/div[5]/ul[3]/li[1]/a[1]]
2020-12-13 14:12:784 INFO  HomePage :21 - Clicking on Destination Tab[[ChromeDriver: chrome on WINDOWS (7dbf0a86d57f90ffc445178378443ac6)] -> xpath: //body/form[@id='Form1']/div[4]/div[1]/div[1]/div[1]/div[3]/ul[1]/li[3]/a[1]]
2020-12-13 14:12:905 INFO  HomePage :27 - Clicking on india Tab[[ChromeDriver: chrome on WINDOWS (7dbf0a86d57f90ffc445178378443ac6)] -> xpath: //body/form[@id='Form1']/div[4]/div[1]/div[1]/div[1]/div[5]/ul[3]/li[1]/a[1]]
2020-12-13 14:12:58 INFO  HomePage :21 - Clicking on Destination Tab[[ChromeDriver: chrome on WINDOWS (c95f2318ed4ad602dba64465b651ff67)] -> xpath: //body/form[@id='Form1']/div[4]/div[1]/div[1]/div[1]/div[3]/ul[1]/li[3]/a[1]]
2020-12-13 14:12:409 INFO  HomePage :27 - Clicking on india Tab[[ChromeDriver: chrome on WINDOWS (c95f2318ed4ad602dba64465b651ff67)] -> xpath: //body/form[@id='Form1']/div[4]/div[1]/div[1]/div[1]/div[5]/ul[3]/li[1]/a[1]]
2020-12-13 14:12:367 INFO  HomePage :21 - Clicking on Destination Tab[[ChromeDriver: chrome on WINDOWS (23cb5ab77b3a4f7e3998ddfa9abe8a0d)] -> xpath: //body/form[@id='Form1']/div[4]/div[1]/div[1]/div[1]/div[3]/ul[1]/li[3]/a[1]]
2020-12-13 14:12:523 INFO  HomePage :27 - Clicking on india Tab[[ChromeDriver: chrome on WINDOWS (23cb5ab77b3a4f7e3998ddfa9abe8a0d)] -> xpath: //body/form[@id='Form1']/div[4]/div[1]/div[1]/div[1]/div[5]/ul[3]/li[1]/a[1]]
2020-12-13 15:12:04 INFO  HomePage :21 - Clicking on Destination Tab[[ChromeDriver: chrome on WINDOWS (7948cce1940244ec9ff445135fe46ef6)] -> xpath: //body/form[@id='Form1']/div[4]/div[1]/div[1]/div[1]/div[3]/ul[1]/li[3]/a[1]]
2020-12-13 15:12:129 INFO  HomePage :27 - Clicking on india Tab[[ChromeDriver: chrome on WINDOWS (7948cce1940244ec9ff445135fe46ef6)] -> xpath: //body/form[@id='Form1']/div[4]/div[1]/div[1]/div[1]/div[5]/ul[3]/li[1]/a[1]]
